[2023/08/10 09:42:48] [message] [Thu Aug 10 09:42:48 EDT 2023]: Start Visual Paradigm Professional [VP PE]: 17.1 (20230601)
[2023/08/10 09:42:48] [message] Operating system: Windows 10 10.0 running on amd64
[2023/08/10 09:42:48] [message] Java VM: 11.0.16.1 OpenJDK 64-Bit Server VM, vendor 11.0.16.1+1 Eclipse Adoptium
[2023/08/10 09:42:48] [message] User: labo.somp, language: fr
[2023/08/10 09:42:48] [message] Installation ID: 90d249f6017f86c86ae2dff0b07f42b2
[2023/08/10 09:42:48] [message] Memory: current=256M, max=1024M
[2023/08/10 09:42:51] [message] start startup getLicenseKey on 10-Aug-2023
[2023/08/10 09:42:51] [message] getLicenseKey in local ...
[2023/08/10 09:42:51] [message] getLicenseKey from server ...
[2023/08/10 09:42:51] [message] finish startup getLicenseKey
[2023/08/10 09:42:51] [message] getVerifiedLicenseKey: null; state=Evaluating
[2023/08/10 09:42:52] [message] Workspace: C:\Users\labo.somp\AppData\Roaming\VisualParadigm\ws
[2023/08/10 09:42:54] [message] Exit Visual Paradigm
[2023/08/10 09:42:54] [message] Saved project ".systemproject" to "C:\Users\labo.somp\AppData\Roaming\VisualParadigm\ws\.vpprefdata\.systemproject.vpp".
[2023/08/10 09:42:55] [message] System.exit: true
[2023/08/10 09:42:55] [message] [Thu Aug 10 09:42:55 EDT 2023]: Start Visual Paradigm Professional [VP PE]: 17.1 (20230601)
[2023/08/10 09:42:55] [message] Operating system: Windows 10 10.0 running on amd64
[2023/08/10 09:42:55] [message] Java VM: 11.0.16.1 OpenJDK 64-Bit Server VM, vendor 11.0.16.1+1 Eclipse Adoptium
[2023/08/10 09:42:55] [message] User: labo.somp, language: fr
[2023/08/10 09:42:55] [message] Installation ID: 90d249f6017f86c86ae2dff0b07f42b2
[2023/08/10 09:42:55] [message] Memory: current=128M, max=1064M
[2023/08/10 09:42:55] [message] start startup getLicenseKey on 10-Aug-2023
[2023/08/10 09:42:55] [message] getLicenseKey in local ...
[2023/08/10 09:42:55] [message] getLicenseKey from server ...
[2023/08/10 09:42:55] [message] finish startup getLicenseKey
[2023/08/10 09:42:55] [message] getVerifiedLicenseKey: null; state=Evaluating
[2023/08/10 09:42:55] [message] Workspace: C:\Users\labo.somp\AppData\Roaming\VisualParadigm\ws
[2023/08/10 09:42:56] [message] Opening Project: C:\Users\labo.somp\AppData\Roaming\VisualParadigm\ws\.vpprefdata\.systemproject.vpp
[2023/08/10 09:44:25] [message] Cannot write to folder: C:\Program Files\Visual Paradigm 17.1\bin\. (Access is denied)
[2023/08/10 09:44:32] [message] Exit Visual Paradigm
[2023/08/10 09:44:32] [message] Saved project ".systemproject" to "C:\Users\labo.somp\AppData\Roaming\VisualParadigm\ws\.vpprefdata\.systemproject.vpp".
[2023/08/10 09:44:32] [message] System.exit: true
[2023/08/10 09:44:41] [message] [Thu Aug 10 09:44:41 EDT 2023]: Start Visual Paradigm Professional [VP PE]: 17.1 (20230601)
[2023/08/10 09:44:41] [message] Operating system: Windows 10 10.0 running on amd64
[2023/08/10 09:44:41] [message] Java VM: 11.0.16.1 OpenJDK 64-Bit Server VM, vendor 11.0.16.1+1 Eclipse Adoptium
[2023/08/10 09:44:41] [message] User: labo.somp, language: fr
[2023/08/10 09:44:41] [message] Installation ID: 90d249f6017f86c86ae2dff0b07f42b2
[2023/08/10 09:44:41] [message] Memory: current=256M, max=1024M
[2023/08/10 09:44:41] [message] start startup getLicenseKey on 10-Aug-2023
[2023/08/10 09:44:41] [message] getLicenseKey in local ...
[2023/08/10 09:44:41] [message] getLicenseKey from server ...
[2023/08/10 09:44:41] [message] finish startup getLicenseKey
[2023/08/10 09:44:41] [message] getVerifiedLicenseKey: null; state=Evaluating
[2023/08/10 09:44:41] [message] Workspace: C:\Users\labo.somp\AppData\Roaming\VisualParadigm\ws
[2023/08/10 09:44:42] [message] Opening Project: C:\Users\labo.somp\AppData\Roaming\VisualParadigm\ws\.vpprefdata\.systemproject.vpp
[2023/08/10 09:51:30] [message] Exit Visual Paradigm
[2023/08/10 09:51:30] [message] Saved project ".systemproject" to "C:\Users\labo.somp\AppData\Roaming\VisualParadigm\ws\.vpprefdata\.systemproject.vpp".
[2023/08/10 09:51:31] [message] System.exit: true
[2023/08/10 09:53:43] [message] [Thu Aug 10 09:53:43 EDT 2023]: Start Visual Paradigm Professional [VP PE]: 17.1 (20230601)
[2023/08/10 09:53:43] [message] Operating system: Windows 10 10.0 running on amd64
[2023/08/10 09:53:43] [message] Java VM: 11.0.16.1 OpenJDK 64-Bit Server VM, vendor 11.0.16.1+1 Eclipse Adoptium
[2023/08/10 09:53:43] [message] User: labo.somp, language: fr
[2023/08/10 09:53:43] [message] Installation ID: 90d249f6017f86c86ae2dff0b07f42b2
[2023/08/10 09:53:43] [message] Memory: current=256M, max=1024M
[2023/08/10 09:53:43] [message] start startup getLicenseKey on 10-Aug-2023
[2023/08/10 09:53:43] [message] getLicenseKey in local ...
[2023/08/10 09:53:43] [message] getLicenseKey from server ...
[2023/08/10 09:53:43] [message] finish startup getLicenseKey
[2023/08/10 09:53:43] [message] getVerifiedLicenseKey: null; state=Evaluating
[2023/08/10 09:53:54] [message] Workspace: C:\Users\labo.somp\AppData\Roaming\VisualParadigm\ws
[2023/08/10 09:53:56] [message] Opening Project: C:\Users\labo.somp\AppData\Roaming\VisualParadigm\ws\.vpprefdata\.systemproject.vpp
[2023/08/10 09:57:10] [message] start startup getLicenseKey on 10-Aug-2023
[2023/08/10 09:57:10] [message] getLicenseKey in local ...
[2023/08/10 09:57:10] [message] finish startup getLicenseKey
[2023/08/10 09:57:39] [message] Exit Visual Paradigm
[2023/08/10 09:57:39] [message] Saved project ".systemproject" to "C:\Users\labo.somp\AppData\Roaming\VisualParadigm\ws\.vpprefdata\.systemproject.vpp".
[2023/08/10 09:57:39] [message] System.exit: true
[2023/08/10 10:02:52] [message] [Thu Aug 10 10:02:52 EDT 2023]: Start Visual Paradigm Professional [VP PE]: 17.1 (20230601)
[2023/08/10 10:02:52] [message] Operating system: Windows 10 10.0 running on amd64
[2023/08/10 10:02:52] [message] Java VM: 11.0.16.1 OpenJDK 64-Bit Server VM, vendor 11.0.16.1+1 Eclipse Adoptium
[2023/08/10 10:02:52] [message] User: labo.somp, language: fr
[2023/08/10 10:02:52] [message] Installation ID: 90d249f6017f86c86ae2dff0b07f42b2
[2023/08/10 10:02:52] [message] Memory: current=256M, max=1024M
[2023/08/10 10:02:52] [message] start startup getLicenseKey on 10-Aug-2023
[2023/08/10 10:02:52] [message] getLicenseKey in local ...
[2023/08/10 10:02:52] [message] finish startup getLicenseKey
[2023/08/10 10:03:08] [message] Workspace: C:\Users\labo.somp\AppData\Roaming\VisualParadigm\ws
[2023/08/10 10:03:09] [message] Opening Project: C:\Users\labo.somp\AppData\Roaming\VisualParadigm\ws\.vpprefdata\.systemproject.vpp
[2023/08/10 10:03:11] [message] Exit Visual Paradigm
[2023/08/10 10:03:11] [message] Saved project ".systemproject" to "C:\Users\labo.somp\AppData\Roaming\VisualParadigm\ws\.vpprefdata\.systemproject.vpp".
[2023/08/10 10:03:11] [message] System.exit: true
[2023/08/10 10:03:11] [message] [Thu Aug 10 10:03:11 EDT 2023]: Start Visual Paradigm Professional [VP PE]: 17.1 (20230601)
[2023/08/10 10:03:11] [message] Operating system: Windows 10 10.0 running on amd64
[2023/08/10 10:03:11] [message] Java VM: 11.0.16.1 OpenJDK 64-Bit Server VM, vendor 11.0.16.1+1 Eclipse Adoptium
[2023/08/10 10:03:11] [message] User: labo.somp, language: fr
[2023/08/10 10:03:11] [message] Installation ID: 90d249f6017f86c86ae2dff0b07f42b2
[2023/08/10 10:03:11] [message] Memory: current=128M, max=1064M
[2023/08/10 10:03:12] [message] start startup getLicenseKey on 10-Aug-2023
[2023/08/10 10:03:12] [message] getLicenseKey in local ...
[2023/08/10 10:03:12] [message] finish startup getLicenseKey
[2023/08/10 10:03:22] [message] Workspace: C:\Users\labo.somp\AppData\Roaming\VisualParadigm\ws
[2023/08/10 10:03:23] [message] Opening Project: C:\Users\labo.somp\AppData\Roaming\VisualParadigm\ws\.vpprefdata\.systemproject.vpp
[2023/08/10 10:03:32] [message] Exit Visual Paradigm
[2023/08/10 10:03:32] [message] Saved project ".systemproject" to "C:\Users\labo.somp\AppData\Roaming\VisualParadigm\ws\.vpprefdata\.systemproject.vpp".
[2023/08/10 10:03:32] [message] System.exit: true
[2023/08/10 13:18:58] [message] [Thu Aug 10 13:18:58 EDT 2023]: Start Visual Paradigm Professional [VP PE]: 17.1 (20230601)
[2023/08/10 13:18:58] [message] Operating system: Windows 10 10.0 running on amd64
[2023/08/10 13:18:58] [message] Java VM: 11.0.16.1 OpenJDK 64-Bit Server VM, vendor 11.0.16.1+1 Eclipse Adoptium
[2023/08/10 13:18:58] [message] User: labo.somp, language: fr
[2023/08/10 13:18:58] [message] Installation ID: 90d249f6017f86c86ae2dff0b07f42b2
[2023/08/10 13:18:58] [message] Memory: current=256M, max=1024M
[2023/08/10 13:18:59] [message] start startup getLicenseKey on 10-Aug-2023
[2023/08/10 13:18:59] [message] getLicenseKey in local ...
[2023/08/10 13:18:59] [message] finish startup getLicenseKey
[2023/08/10 13:19:11] [message] Workspace: C:\Users\labo.somp\AppData\Roaming\VisualParadigm\ws
[2023/08/10 13:19:12] [message] Opening Project: C:\Users\labo.somp\AppData\Roaming\VisualParadigm\ws\.vpprefdata\.systemproject.vpp
[2023/08/10 13:19:26] [message] Exit Visual Paradigm
[2023/08/10 13:19:26] [message] Saved project ".systemproject" to "C:\Users\labo.somp\AppData\Roaming\VisualParadigm\ws\.vpprefdata\.systemproject.vpp".
[2023/08/10 13:19:26] [message] System.exit: true
[2024/02/13 11:08:13] [message] [Tue Feb 13 11:08:13 EST 2024]: Start Visual Paradigm Professional [VP PE]: 17.1 (20230601)
[2024/02/13 11:08:13] [message] Operating system: Windows 10 10.0 running on amd64
[2024/02/13 11:08:13] [message] Java VM: 11.0.16.1 OpenJDK 64-Bit Server VM, vendor 11.0.16.1+1 Eclipse Adoptium
[2024/02/13 11:08:13] [message] User: 2140653, language: fr
[2024/02/13 11:08:13] [message] Installation ID: 90d249f6017f86c86ae2dff0b07f42b2
[2024/02/13 11:08:13] [message] Memory: current=256M, max=1024M
[2024/02/13 11:08:16] [message] start startup getLicenseKey on 13-Feb-2024
[2024/02/13 11:08:16] [message] getLicenseKey in local ...
[2024/02/13 11:08:16] [message] getLicenseKey from server ...
[2024/02/13 11:08:16] [message] finish startup getLicenseKey
[2024/02/13 11:08:16] [message] getVerifiedLicenseKey: null; state=Evaluating
[2024/02/13 11:08:54] [message] [Tue Feb 13 11:08:54 EST 2024]: Start Visual Paradigm Professional [VP PE]: 17.1 (20230601)
[2024/02/13 11:08:54] [message] Operating system: Windows 10 10.0 running on amd64
[2024/02/13 11:08:54] [message] Java VM: 11.0.16.1 OpenJDK 64-Bit Server VM, vendor 11.0.16.1+1 Eclipse Adoptium
[2024/02/13 11:08:54] [message] User: 2140653, language: fr
[2024/02/13 11:08:54] [message] Installation ID: 90d249f6017f86c86ae2dff0b07f42b2
[2024/02/13 11:08:54] [message] Memory: current=256M, max=1024M
[2024/02/13 11:08:54] [message] start startup getLicenseKey on 13-Feb-2024
[2024/02/13 11:08:54] [message] getLicenseKey in local ...
[2024/02/13 11:08:54] [message] getLicenseKey from server ...
[2024/02/13 11:08:54] [message] finish startup getLicenseKey
[2024/02/13 11:08:54] [message] getVerifiedLicenseKey: null; state=Evaluating
[2024/02/13 11:08:56] [message] Workspace: C:\Users\2140653\AppData\Roaming\VisualParadigm\ws
[2024/02/13 11:09:00] [message] Exit Visual Paradigm
[2024/02/13 11:09:00] [message] Saved project ".systemproject" to "C:\Users\2140653\AppData\Roaming\VisualParadigm\ws\.vpprefdata\.systemproject.vpp".
[2024/02/13 11:09:00] [message] System.exit: true
[2024/02/13 11:09:00] [message] [Tue Feb 13 11:09:00 EST 2024]: Start Visual Paradigm Professional [VP PE]: 17.1 (20230601)
[2024/02/13 11:09:00] [message] Operating system: Windows 10 10.0 running on amd64
[2024/02/13 11:09:00] [message] Java VM: 11.0.16.1 OpenJDK 64-Bit Server VM, vendor 11.0.16.1+1 Eclipse Adoptium
[2024/02/13 11:09:00] [message] User: 2140653, language: fr
[2024/02/13 11:09:00] [message] Installation ID: 90d249f6017f86c86ae2dff0b07f42b2
[2024/02/13 11:09:00] [message] Memory: current=128M, max=1064M
[2024/02/13 11:09:00] [message] start startup getLicenseKey on 13-Feb-2024
[2024/02/13 11:09:00] [message] getLicenseKey in local ...
[2024/02/13 11:09:00] [message] getLicenseKey from server ...
[2024/02/13 11:09:00] [message] finish startup getLicenseKey
[2024/02/13 11:09:00] [message] getVerifiedLicenseKey: null; state=Evaluating
[2024/02/13 11:09:08] [message] Workspace: C:\Users\2140653\AppData\Roaming\VisualParadigm\ws
[2024/02/13 11:09:09] [message] Opening Project: C:\Users\2140653\AppData\Roaming\VisualParadigm\ws\.vpprefdata\.systemproject.vpp
[2024/02/13 11:10:44] [message] Opening Project: U:\Hiver-2024\Développement informatique\Travaux\TP 1\PROF\TP1 v2 JAY.vpp
[2024/02/13 11:10:45] [message] Open Project "U:\Hiver-2024\Développement informatique\Travaux\TP 1\PROF\TP1 v2 JAY.vpp", Time Used: 1 seconds, Memory: 240.0 MB (251658240), Project File Size: 1.4 MB (1470464), Diagram Count: 3
[2024/02/13 11:14:11] [message] Cannot write to folder: C:\Program Files\Visual Paradigm 17.1 (Access is denied)
[2024/02/13 11:14:49] [warning] Cannot request servers from Internet
[2024/02/13 11:14:49] [warning] javax.net.ssl.SSLHandshakeException: Remote host terminated the handshake
	at java.base/sun.security.ssl.SSLSocketImpl.handleEOF(SSLSocketImpl.java:1696)
	at java.base/sun.security.ssl.SSLSocketImpl.decode(SSLSocketImpl.java:1514)
	at java.base/sun.security.ssl.SSLSocketImpl.readHandshakeRecord(SSLSocketImpl.java:1416)
	at java.base/sun.security.ssl.SSLSocketImpl.startHandshake(SSLSocketImpl.java:456)
	at java.base/sun.security.ssl.SSLSocketImpl.startHandshake(SSLSocketImpl.java:427)
	at java.base/sun.net.www.protocol.https.HttpsClient.afterConnect(HttpsClient.java:572)
	at java.base/sun.net.www.protocol.https.AbstractDelegateHttpsURLConnection.connect(AbstractDelegateHttpsURLConnection.java:201)
	at java.base/sun.net.www.protocol.https.HttpsURLConnectionImpl.connect(HttpsURLConnectionImpl.java:168)
	at v.al.b.a(:572)
	at v.al.b.b(:389)
	at v.al.b.a(:31)
	at v.al.f.run(:161)
	at java.base/java.lang.Thread.run(Thread.java:829)
Caused by: java.io.EOFException: SSL peer shut down incorrectly
	at java.base/sun.security.ssl.SSLSocketInputRecord.read(SSLSocketInputRecord.java:483)
	at java.base/sun.security.ssl.SSLSocketInputRecord.readHeader(SSLSocketInputRecord.java:472)
	at java.base/sun.security.ssl.SSLSocketInputRecord.decode(SSLSocketInputRecord.java:160)
	at java.base/sun.security.ssl.SSLTransport.decode(SSLTransport.java:111)
	at java.base/sun.security.ssl.SSLSocketImpl.decode(SSLSocketImpl.java:1506)
	... 11 more

[2024/02/13 12:45:37] [message] window deactivated during drag and drop
[2024/02/13 13:17:05] [warning] Error in Operation: +()
[2024/02/13 13:18:30] [warning] Error in Operation: +()
[2024/02/13 13:37:24] [message] Exception in thread "AWT-EventQueue-0"
[2024/02/13 13:37:24] [message] java.lang.NullPointerException
[2024/02/13 13:37:24] [message] at v.bzx.ad.h(:5663)
[2024/02/13 13:37:24] [message] at v.bzx.ad.c(:61)
[2024/02/13 13:37:24] [message] at v.bzx.ag.mouseReleased(:2299)
[2024/02/13 13:37:24] [message] at java.desktop/java.awt.AWTEventMulticaster.mouseReleased(AWTEventMulticaster.java:298)
[2024/02/13 13:37:24] [message] at java.desktop/java.awt.Component.processMouseEvent(Component.java:6635)
[2024/02/13 13:37:24] [message] at java.desktop/javax.swing.JComponent.processMouseEvent(JComponent.java:3342)
[2024/02/13 13:37:24] [message] at java.desktop/java.awt.Component.processEvent(Component.java:6400)
[2024/02/13 13:37:24] [message] at java.desktop/java.awt.Container.processEvent(Container.java:2263)
[2024/02/13 13:37:24] [message] at java.desktop/java.awt.Component.dispatchEventImpl(Component.java:5011)
[2024/02/13 13:37:24] [message] at java.desktop/java.awt.Container.dispatchEventImpl(Container.java:2321)
[2024/02/13 13:37:24] [message] at java.desktop/java.awt.Component.dispatchEvent(Component.java:4843)
[2024/02/13 13:37:24] [message] at java.desktop/java.awt.LightweightDispatcher.retargetMouseEvent(Container.java:4918)
[2024/02/13 13:37:24] [message] at java.desktop/java.awt.LightweightDispatcher.processMouseEvent(Container.java:4547)
[2024/02/13 13:37:24] [message] at java.desktop/java.awt.LightweightDispatcher.dispatchEvent(Container.java:4488)
[2024/02/13 13:37:24] [message] at java.desktop/java.awt.Container.dispatchEventImpl(Container.java:2307)
[2024/02/13 13:37:24] [message] at java.desktop/java.awt.Window.dispatchEventImpl(Window.java:2772)
[2024/02/13 13:37:24] [message] at java.desktop/java.awt.Component.dispatchEvent(Component.java:4843)
[2024/02/13 13:37:24] [message] at java.desktop/java.awt.EventQueue.dispatchEventImpl(EventQueue.java:772)
[2024/02/13 13:37:24] [message] at java.desktop/java.awt.EventQueue$4.run(EventQueue.java:721)
[2024/02/13 13:37:24] [message] at java.desktop/java.awt.EventQueue$4.run(EventQueue.java:715)
[2024/02/13 13:37:24] [message] at java.base/java.security.AccessController.doPrivileged(Native Method)
[2024/02/13 13:37:24] [message] at java.base/java.security.ProtectionDomain$JavaSecurityAccessImpl.doIntersectionPrivilege(ProtectionDomain.java:85)
[2024/02/13 13:37:24] [message] at java.base/java.security.ProtectionDomain$JavaSecurityAccessImpl.doIntersectionPrivilege(ProtectionDomain.java:95)
[2024/02/13 13:37:24] [message] at java.desktop/java.awt.EventQueue$5.run(EventQueue.java:745)
[2024/02/13 13:37:24] [message] at java.desktop/java.awt.EventQueue$5.run(EventQueue.java:743)
[2024/02/13 13:37:24] [message] at java.base/java.security.AccessController.doPrivileged(Native Method)
[2024/02/13 13:37:24] [message] at java.base/java.security.ProtectionDomain$JavaSecurityAccessImpl.doIntersectionPrivilege(ProtectionDomain.java:85)
[2024/02/13 13:37:24] [message] at java.desktop/java.awt.EventQueue.dispatchEvent(EventQueue.java:742)
[2024/02/13 13:37:24] [message] at java.desktop/java.awt.EventDispatchThread.pumpOneEventForFilters(EventDispatchThread.java:203)
[2024/02/13 13:37:24] [message] at java.desktop/java.awt.EventDispatchThread.pumpEventsForFilter(EventDispatchThread.java:124)
[2024/02/13 13:37:24] [message] at java.desktop/java.awt.EventDispatchThread.pumpEventsForHierarchy(EventDispatchThread.java:113)
[2024/02/13 13:37:24] [message] at java.desktop/java.awt.EventDispatchThread.pumpEvents(EventDispatchThread.java:109)
[2024/02/13 13:37:24] [message] at java.desktop/java.awt.EventDispatchThread.pumpEvents(EventDispatchThread.java:101)
[2024/02/13 13:37:24] [message] at java.desktop/java.awt.EventDispatchThread.run(EventDispatchThread.java:90)
[2024/02/13 13:37:51] [message] window deactivated during drag and drop
[2024/02/13 13:56:46] [message] Saved project "TP1 vos initiales" to "U:\Hiver-2024\Développement informatique\Travaux\TP 1\PROF\TP1 v2 JAY.vpp".
[2024/02/13 14:01:22] [message] Exit Visual Paradigm
[2024/02/13 14:01:22] [message] Saved project ".systemproject" to "C:\Users\2140653\AppData\Roaming\VisualParadigm\ws\.vpprefdata\.systemproject.vpp".
[2024/02/13 14:01:22] [message] System.exit: true
